Determining if the pthread_create exist failed with the following output:
Change Dir: /home/jc_audet/Documents/Projet3/Projet3/Cpp_Implementation/DiffElec/build/CMakeFiles/CMakeTmp

Run Build Command:"/usr/bin/make" "cmTC_8718e/fast"
/usr/bin/make -f CMakeFiles/cmTC_8718e.dir/build.make CMakeFiles/cmTC_8718e.dir/build
make[1]: Entering directory '/home/jc_audet/Documents/Projet3/Projet3/Cpp_Implementation/DiffElec/build/CMakeFiles/CMakeTmp'
Building C object CMakeFiles/cmTC_8718e.dir/CheckSymbolExists.c.o
/usr/bin/cc   -O3 -Wall -march=native    -o CMakeFiles/cmTC_8718e.dir/CheckSymbolExists.c.o   -c /home/jc_audet/Documents/Projet3/Projet3/Cpp_Implementation/DiffElec/build/CMakeFiles/CMakeTmp/CheckSymbolExists.c
Linking C executable cmTC_8718e
/usr/bin/cmake -E cmake_link_script CMakeFiles/cmTC_8718e.dir/link.txt --verbose=1
/usr/bin/cc  -O3 -Wall -march=native     -rdynamic CMakeFiles/cmTC_8718e.dir/CheckSymbolExists.c.o  -o cmTC_8718e 
CMakeFiles/cmTC_8718e.dir/CheckSymbolExists.c.o: In function `main':
CheckSymbolExists.c:(.text.startup+0x3): undefined reference to `pthread_create'
collect2: error: ld returned 1 exit status
CMakeFiles/cmTC_8718e.dir/build.make:97: recipe for target 'cmTC_8718e' failed
make[1]: *** [cmTC_8718e] Error 1
make[1]: Leaving directory '/home/jc_audet/Documents/Projet3/Projet3/Cpp_Implementation/DiffElec/build/CMakeFiles/CMakeTmp'
Makefile:126: recipe for target 'cmTC_8718e/fast' failed
make: *** [cmTC_8718e/fast] Error 2

File /home/jc_audet/Documents/Projet3/Projet3/Cpp_Implementation/DiffElec/build/CMakeFiles/CMakeTmp/CheckSymbolExists.c:
/* */
#include <pthread.h>

int main(int argc, char** argv)
{
  (void)argv;
#ifndef pthread_create
  return ((int*)(&pthread_create))[argc];
#else
  (void)argc;
  return 0;
#endif
}

Determining if the function pthread_create exists in the pthreads failed with the following output:
Change Dir: /home/jc_audet/Documents/Projet3/Projet3/Cpp_Implementation/DiffElec/build/CMakeFiles/CMakeTmp

Run Build Command:"/usr/bin/make" "cmTC_cb0f0/fast"
/usr/bin/make -f CMakeFiles/cmTC_cb0f0.dir/build.make CMakeFiles/cmTC_cb0f0.dir/build
make[1]: Entering directory '/home/jc_audet/Documents/Projet3/Projet3/Cpp_Implementation/DiffElec/build/CMakeFiles/CMakeTmp'
Building C object CMakeFiles/cmTC_cb0f0.dir/CheckFunctionExists.c.o
/usr/bin/cc   -O3 -Wall -march=native -DCHECK_FUNCTION_EXISTS=pthread_create   -o CMakeFiles/cmTC_cb0f0.dir/CheckFunctionExists.c.o   -c /usr/share/cmake-3.10/Modules/CheckFunctionExists.c
Linking C executable cmTC_cb0f0
/usr/bin/cmake -E cmake_link_script CMakeFiles/cmTC_cb0f0.dir/link.txt --verbose=1
/usr/bin/cc  -O3 -Wall -march=native -DCHECK_FUNCTION_EXISTS=pthread_create    -rdynamic CMakeFiles/cmTC_cb0f0.dir/CheckFunctionExists.c.o  -o cmTC_cb0f0 -lpthreads 
/usr/bin/ld: cannot find -lpthreads
collect2: error: ld returned 1 exit status
CMakeFiles/cmTC_cb0f0.dir/build.make:97: recipe for target 'cmTC_cb0f0' failed
make[1]: *** [cmTC_cb0f0] Error 1
make[1]: Leaving directory '/home/jc_audet/Documents/Projet3/Projet3/Cpp_Implementation/DiffElec/build/CMakeFiles/CMakeTmp'
Makefile:126: recipe for target 'cmTC_cb0f0/fast' failed
make: *** [cmTC_cb0f0/fast] Error 2


